# JRE version: OpenJDK Runtime Environment Temurin-17.0.5+8 (17.0.5+8) (build 17.0.5+8)
# Java VM: OpenJDK 64-Bit Server VM Temurin-17.0.5+8 (17.0.5+8, mixed mode, tiered, compressed oops, compressed class ptrs, g1 gc, windows-amd64)
GC Precious Log:
 CPUs: 2 total, 2 available
 Memory: 3528M
 Large Page Support: Disabled
 NUMA Support: Disabled
 Compressed Oops: Enabled (32-bit)
 Heap Region Size: 1M
 Heap Min Capacity: 8M
 Heap Initial Capacity: 56M
 Heap Max Capacity: 884M
 Pre-touch: Disabled
 Parallel Workers: 2
 Concurrent Workers: 1
 Concurrent Refinement Workers: 2
 Periodic GC: Disabled
Heap:
 garbage-first heap   total 43008K, used 31143K [0x00000000c8c00000, 0x0000000100000000)
  region size 1024K, 10 young (10240K), 2 survivors (2048K)
 Metaspace       used 56320K, committed 56768K, reserved 1105920K
  class space    used 7455K, committed 7680K, reserved 1048576K
GC Heap History (20 events):
Event: 47.725 GC heap before
{Heap before GC invocations=13 (full 0):
 garbage-first heap   total 37888K, used 21317K [0x00000000c8c00000, 0x0000000100000000)
  region size 1024K, 7 young (7168K), 2 survivors (2048K)
 Metaspace       used 35618K, committed 35968K, reserved 1081344K
  class space    used 4396K, committed 4608K, reserved 1048576K
}
Event: 47.737 GC heap after
{Heap after GC invocations=14 (full 0):
 garbage-first heap   total 37888K, used 17959K [0x00000000c8c00000, 0x0000000100000000)
  region size 1024K, 1 young (1024K), 1 survivors (1024K)
 Metaspace       used 35618K, committed 35968K, reserved 1081344K
  class space    used 4396K, committed 4608K, reserved 1048576K
}
Event: 49.941 GC heap before
{Heap before GC invocations=15 (full 0):
 garbage-first heap   total 37888K, used 29223K [0x00000000c8c00000, 0x0000000100000000)
  region size 1024K, 12 young (12288K), 1 survivors (1024K)
 Metaspace       used 37586K, committed 37952K, reserved 1089536K
  class space    used 4613K, committed 4800K, reserved 1048576K
}
Event: 49.954 GC heap after
{Heap after GC invocations=16 (full 0):
 garbage-first heap   total 37888K, used 19137K [0x00000000c8c00000, 0x0000000100000000)
  region size 1024K, 2 young (2048K), 2 survivors (2048K)
 Metaspace       used 37586K, committed 37952K, reserved 1089536K
  class space    used 4613K, committed 4800K, reserved 1048576K
}
Event: 52.623 GC heap before
{Heap before GC invocations=16 (full 0):
 garbage-first heap   total 37888K, used 29377K [0x00000000c8c00000, 0x0000000100000000)
  region size 1024K, 12 young (12288K), 2 survivors (2048K)
 Metaspace       used 38919K, committed 39360K, reserved 1089536K
  class space    used 4828K, committed 5056K, reserved 1048576K
}
Event: 52.639 GC heap after
{Heap after GC invocations=17 (full 0):
 garbage-first heap   total 37888K, used 20082K [0x00000000c8c00000, 0x0000000100000000)
  region size 1024K, 1 young (1024K), 1 survivors (1024K)
 Metaspace       used 38919K, committed 39360K, reserved 1089536K
  class space    used 4828K, committed 5056K, reserved 1048576K
}
Event: 59.480 GC heap before
{Heap before GC invocations=18 (full 0):
 garbage-first heap   total 37888K, used 29298K [0x00000000c8c00000, 0x0000000100000000)
  region size 1024K, 10 young (10240K), 1 survivors (1024K)
 Metaspace       used 40503K, committed 40896K, reserved 1089536K
  class space    used 5029K, committed 5248K, reserved 1048576K
}
Event: 59.493 GC heap after
{Heap after GC invocations=19 (full 0):
 garbage-first heap   total 37888K, used 20323K [0x00000000c8c00000, 0x0000000100000000)
  region size 1024K, 2 young (2048K), 2 survivors (2048K)
 Metaspace       used 40503K, committed 40896K, reserved 1089536K
  class space    used 5029K, committed 5248K, reserved 1048576K
}
Event: 63.644 GC heap before
{Heap before GC invocations=19 (full 0):
 garbage-first heap   total 37888K, used 29539K [0x00000000c8c00000, 0x0000000100000000)
  region size 1024K, 11 young (11264K), 2 survivors (2048K)
 Metaspace       used 42631K, committed 43072K, reserved 1089536K
  class space    used 5392K, committed 5568K, reserved 1048576K
}
Event: 63.656 GC heap after
{Heap after GC invocations=20 (full 0):
 garbage-first heap   total 37888K, used 20803K [0x00000000c8c00000, 0x0000000100000000)
  region size 1024K, 1 young (1024K), 1 survivors (1024K)
 Metaspace       used 42631K, committed 43072K, reserved 1089536K
  class space    used 5392K, committed 5568K, reserved 1048576K
}
Event: 66.334 GC heap before
{Heap before GC invocations=21 (full 0):
 garbage-first heap   total 37888K, used 30019K [0x00000000c8c00000, 0x0000000100000000)
  region size 1024K, 10 young (10240K), 1 survivors (1024K)
 Metaspace       used 45044K, committed 45568K, reserved 1089536K
  class space    used 5750K, committed 6016K, reserved 1048576K
}
Event: 66.344 GC heap after
{Heap after GC invocations=22 (full 0):
 garbage-first heap   total 37888K, used 21196K [0x00000000c8c00000, 0x0000000100000000)
  region size 1024K, 2 young (2048K), 2 survivors (2048K)
 Metaspace       used 45044K, committed 45568K, reserved 1089536K
  class space    used 5750K, committed 6016K, reserved 1048576K
}
Event: 69.258 GC heap before
{Heap before GC invocations=22 (full 0):
 garbage-first heap   total 37888K, used 29388K [0x00000000c8c00000, 0x0000000100000000)
  region size 1024K, 11 young (11264K), 2 survivors (2048K)
 Metaspace       used 47739K, committed 48128K, reserved 1097728K
  class space    used 6088K, committed 6272K, reserved 1048576K
}
Event: 69.272 GC heap after
{Heap after GC invocations=23 (full 0):
 garbage-first heap   total 37888K, used 22131K [0x00000000c8c00000, 0x0000000100000000)
  region size 1024K, 2 young (2048K), 2 survivors (2048K)
 Metaspace       used 47739K, committed 48128K, reserved 1097728K
  class space    used 6088K, committed 6272K, reserved 1048576K
}
Event: 71.258 GC heap before
{Heap before GC invocations=24 (full 0):
 garbage-first heap   total 39936K, used 29299K [0x00000000c8c00000, 0x0000000100000000)
  region size 1024K, 10 young (10240K), 2 survivors (2048K)
 Metaspace       used 49463K, committed 49920K, reserved 1097728K
  class space    used 6346K, committed 6528K, reserved 1048576K
}
Event: 71.272 GC heap after
{Heap after GC invocations=25 (full 0):
 garbage-first heap   total 39936K, used 22752K [0x00000000c8c00000, 0x0000000100000000)
  region size 1024K, 2 young (2048K), 2 survivors (2048K)
 Metaspace       used 49463K, committed 49920K, reserved 1097728K
  class space    used 6346K, committed 6528K, reserved 1048576K
}
Event: 73.078 GC heap before
{Heap before GC invocations=25 (full 0):
 garbage-first heap   total 39936K, used 31968K [0x00000000c8c00000, 0x0000000100000000)
  region size 1024K, 11 young (11264K), 2 survivors (2048K)
 Metaspace       used 51515K, committed 51904K, reserved 1097728K
  class space    used 6604K, committed 6784K, reserved 1048576K
}
Event: 73.091 GC heap after
{Heap after GC invocations=26 (full 0):
 garbage-first heap   total 39936K, used 23348K [0x00000000c8c00000, 0x0000000100000000)
  region size 1024K, 2 young (2048K), 2 survivors (2048K)
 Metaspace       used 51515K, committed 51904K, reserved 1097728K
  class space    used 6604K, committed 6784K, reserved 1048576K
}
Event: 75.287 GC heap before
{Heap before GC invocations=27 (full 0):
 garbage-first heap   total 43008K, used 31540K [0x00000000c8c00000, 0x0000000100000000)
  region size 1024K, 11 young (11264K), 2 survivors (2048K)
 Metaspace       used 54685K, committed 55104K, reserved 1097728K
  class space    used 7119K, committed 7296K, reserved 1048576K
}
Event: 75.299 GC heap after
{Heap after GC invocations=28 (full 0):
 garbage-first heap   total 43008K, used 23975K [0x00000000c8c00000, 0x0000000100000000)
  region size 1024K, 2 young (2048K), 2 survivors (2048K)
 Metaspace       used 54685K, committed 55104K, reserved 1097728K
  class space    used 7119K, committed 7296K, reserved 1048576K
}

